Arguments: 
  /usr/local/bin/node /usr/share/yarn/bin/yarn.js add nodemon -D

PATH: 
  /home/earnings/.rbenv/plugins/ruby-build/bin:/home/earnings/.rbenv/shims:/home/earnings/.rbenv/bin:/home/earnings/.rbenv/plugins/ruby-build/bin:/home/earnings/.rbenv/plugins/ruby-build/bin:/home/earnings/.rbenv/shims:/home/earnings/.rbenv/bin:/home/earnings/.rbenv/plugins/ruby-build/bin:/home/earnings/.rbenv/plugins/ruby-build/bin:/home/earnings/.rbenv/shims:/home/earnings/.rbenv/bin:/home/earnings/.rbenv/plugins/ruby-build/bin:/home/earnings/.rbenv/shims:/home/earnings/.rbenv/bin:/home/earnings/.rbenv/plugins/ruby-build/bin:/home/earnings/.rbenv/shims:/home/earnings/.rbenv/bin:/home/earnings/.rbenv/plugins/ruby-build/bin:/home/earnings/.rbenv/plugins/ruby-build/bin:/home/earnings/.rbenv/shims:/home/earnings/.rbenv/bin:/home/earnings/.rbenv/plugins/ruby-build/bin:/home/earnings/.rbenv/plugins/ruby-build/bin:/home/earnings/.rbenv/shims:/home/earnings/.rbenv/bin:/home/earnings/.rbenv/plugins/ruby-build/bin:/home/earnings/.rbenv/shims:/home/earnings/.rbenv/bin:/usr/local/sbin:/usr/local/bin:/usr/sbin:/usr/bin:/sbin:/bin:/usr/games:/usr/local/games:/snap/bin

Yarn version: 
  1.22.19

Node version: 
  19.0.0

Platform: 
  linux x64

Trace: 
  Error: getaddrinfo EAI_AGAIN registry.yarnpkg.com
      at GetAddrInfoReqWrap.onlookup [as oncomplete] (node:dns:107:26)

npm manifest: 
  {
    "name": "testing",
    "version": "1.0.0",
    "description": "practice",
    "main": "index.js",
    "scripts": {
      "test": "echo \"Error: no test specified\" && exit 1"
    },
    "author": "Dilip",
    "license": "ISC"
  }

yarn manifest: 
  No manifest

Lockfile: 
  No lockfile
